<?xml version="1.0" encoding="UTF-8"?>
<!-- Generated by org.testng.reporters.JUnitReportReporter -->
<testsuite hostname="APT04-8C1GQN2" name="com.crm.qa.testcases.HomePageTest" tests="3" failures="0" timestamp="15 Dec 2018 10:26:38 GMT" time="45.494" errors="0">
  <testcase name="verifyUserNameInHomePageTest" time="12.410" classname="com.crm.qa.testcases.HomePageTest"/>
  <testcase name="verifyContactsClick" time="14.327" classname="com.crm.qa.testcases.HomePageTest"/>
  <testcase name="verifyHomePageTitleTest" time="18.757" classname="com.crm.qa.testcases.HomePageTest"/>
</testsuite> <!-- com.crm.qa.testcases.HomePageTest -->
