<?xml version="1.0" encoding="UTF-8"?>
<!-- Generated by org.testng.reporters.JUnitReportReporter -->
<testsuite hostname="APT04-8C1GQN2" name="com.crm.qa.testcases.ContactPageTest" tests="1" failures="0" timestamp="15 Dec 2018 10:41:30 GMT" time="21.163" errors="0">
  <testcase name="validateCreateNewContact" time="21.163" classname="com.crm.qa.testcases.ContactPageTest"/>
</testsuite> <!-- com.crm.qa.testcases.ContactPageTest -->
